Cloning into './teroshdl-examples'...
npm ERR! Lifecycle script `build:syntax` failed with error: 
npm ERR! Error: Missing script: "build:syntax"

To see a list of scripts, run:
  npm run 
npm ERR!   in workspace: teroshdl@3.3.0 
npm ERR!   at location: /home/carlos/repo/vscode-terosHDL/packages/teroshdl 
npm ERR! Missing script: build:syntax

npm ERR! A complete log of this run can be found in:
npm ERR!     /home/carlos/.npm/_logs/2023-04-10T14_43_28_959Z-debug-0.log
[41m[30m ERROR [39m[49m Command failed: npm list --production --parseable --depth=99999 --loglevel=error
npm ERR! code ELSPROBLEMS
npm ERR! extraneous: at-least-node@1.0.0 /home/carlos/repo/vscode-terosHDL/node_modules/at-least-node
npm ERR! missing: fs-extra@^9.1.0, required by @oclif/core@1.26.2
npm ERR! missing: fs-extra@^9.0, required by @oclif/plugin-plugins@2.4.4
npm ERR! missing: fs-extra@^9.1.0, required by @oclif/core@2.8.0

npm ERR! A complete log of this run can be found in:
npm ERR!     /home/carlos/.npm/_logs/2023-04-10T14_43_30_506Z-debug-0.log

